<?xml version="1.0" encoding="UTF-8"?>
<!-- Generated by org.testng.reporters.JUnitXMLReporter -->
<testsuite ignored="0" hostname="LAPTOP-9U986QKD" failures="0" tests="2" name="Errorvalidatetest" time="22.428" errors="0" timestamp="2024-03-04T01:07:04 EST">
  <testcase classname="POMproject.WebsiteTestingMay2023.ErrorValidationTest" name="validateerrorcode" time="1.781"/>
  <testcase classname="POMproject.WebsiteTestingMay2023.ErrorValidationTest" name="validateerrorcode" time="2.059"/>
</testsuite> <!-- Errorvalidatetest -->
