<?xml version="1.0" encoding="UTF-8"?>
<!-- Generated by org.testng.reporters.JUnitXMLReporter -->
<testsuite ignored="0" hostname="LAPTOP-9U986QKD" failures="0" tests="6" name="Submittest" time="91.387" errors="0" timestamp="2024-03-04T01:08:12 EST">
  <testcase classname="POMproject.WebsiteTestingMay2023.BaseShoppingTest" name="submittest" time="8.008"/>
  <testcase classname="POMproject.WebsiteTestingMay2023.BaseShoppingTest" name="submittest" time="7.615"/>
  <testcase classname="POMproject.WebsiteTestingMay2023.BaseShoppingTest" name="verifycarttest" time="11.156"/>
  <testcase classname="POMproject.WebsiteTestingMay2023.BaseShoppingTest" name="verifycarttest" time="11.322"/>
  <testcase classname="POMproject.WebsiteTestingMay2023.BaseShoppingTest" name="verifyordertest" time="6.423"/>
  <testcase classname="POMproject.WebsiteTestingMay2023.BaseShoppingTest" name="verifyordertest" time="1.694"/>
</testsuite> <!-- Submittest -->
