<?xml version="1.0" encoding="UTF-8"?>
<!-- Generated by org.testng.reporters.JUnitXMLReporter -->
<testsuite ignored="0" hostname="LAPTOP-9U986QKD" failures="0" tests="3" name="Test" time="48.314" errors="0" timestamp="2023-05-14T22:47:00 EDT">
  <testcase classname="POMproject.WebsiteTestingMay2023.ErrorValidationTest" name="validateerrorcode" time="1.574"/>
  <testcase classname="POMproject.WebsiteTestingMay2023.BaseShoppingTest" name="submittest" time="7.713"/>
  <testcase classname="POMproject.WebsiteTestingMay2023.BaseShoppingTest" name="verifyordertest" time="1.138"/>
</testsuite> <!-- Test -->
