<?xml version="1.0" encoding="UTF-8"?>
<!-- Generated by org.testng.reporters.JUnitXMLReporter -->
<testsuite ignored="0" hostname="LAPTOP-9U986QKD" failures="0" tests="3" name="Websitetesting" time="49.17" errors="0" timestamp="2023-05-14T22:50:31 EDT">
  <testcase classname="POMproject.WebsiteTestingMay2023.ErrorValidationTest" name="validateerrorcode" time="1.591"/>
  <testcase classname="POMproject.WebsiteTestingMay2023.BaseShoppingTest" name="submittest" time="7.609"/>
  <testcase classname="POMproject.WebsiteTestingMay2023.BaseShoppingTest" name="verifyordertest" time="1.17"/>
</testsuite> <!-- Websitetesting -->
