<?xml version="1.0" encoding="UTF-8"?>
<testsuite xmlns:xsi="http://www.w3.org/2001/XMLSchema-instance" xsi:noNamespaceSchemaLocation="https://maven.apache.org/surefire/maven-surefire-plugin/xsd/surefire-test-report.xsd" name="TestSuite" time="142.027" tests="11" errors="0" skipped="0" failures="2">
  <properties>
[...]
</properties>
  <testcase name="runScenario" classname="cucumber.TestNgRunner1" time="10.036">
    <failure message="The step &apos;Logged in using usernamejaibirsingh1312@gmail.com and password123456&apos; and 2 other step(s) are undefined.&#10;You can implement these steps using the snippet(s) below:&#10;&#10;@Given(&quot;Logged in using usernamejaibirsingh1312@gmail.com and password123456&quot;)&#10;public void logged_in_using_usernamejaibirsingh1312_gmail_com_and_password123456() {&#10;    // Write code here that turns the phrase above into concrete actions&#10;    throw new io.cucumber.java.PendingException();&#10;}&#10;@When(&quot;I add productadidas original in the cart&quot;)&#10;public void i_add_productadidas_original_in_the_cart() {&#10;    // Write code here that turns the phrase above into concrete actions&#10;    throw new io.cucumber.java.PendingException();&#10;}&#10;@When(&quot;checkoutPage verify orderadidas original and submit order&quot;)&#10;public void checkout_page_verify_orderadidas_original_and_submit_order() {&#10;    // Write code here that turns the phrase above into concrete actions&#10;    throw new io.cucumber.java.PendingException();&#10;}&#10;" type="io.cucumber.testng.UndefinedStepException">io.cucumber.testng.UndefinedStepException: 
The step 'Logged in using usernamejaibirsingh1312@gmail.com and password123456' and 2 other step(s) are undefined.
You can implement these steps using the snippet(s) below:

@Given("Logged in using usernamejaibirsingh1312@gmail.com and password123456")
public void logged_in_using_usernamejaibirsingh1312_gmail_com_and_password123456() {
    // Write code here that turns the phrase above into concrete actions
    throw new io.cucumber.java.PendingException();
}
@When("I add productadidas original in the cart")
public void i_add_productadidas_original_in_the_cart() {
    // Write code here that turns the phrase above into concrete actions
    throw new io.cucumber.java.PendingException();
}
@When("checkoutPage verify orderadidas original and submit order")
public void checkout_page_verify_orderadidas_original_and_submit_order() {
    // Write code here that turns the phrase above into concrete actions
    throw new io.cucumber.java.PendingException();
}

</failure>
    <system-err><![CDATA[SLF4J: Failed to load class "org.slf4j.impl.StaticLoggerBinder".
SLF4J: Defaulting to no-operation (NOP) logger implementation
SLF4J: See http://www.slf4j.org/codes.html#StaticLoggerBinder for further details.
ERROR StatusLogger Log4j2 could not find a logging implementation. Please add log4j-core to the classpath. Using SimpleLogger to log to the console...
Starting ChromeDriver 116.0.5845.96 (1a391816688002153ef791ffe60d9e899a71a037-refs/branch-heads/5845@{#1382}) on port 32440
Only local connections are allowed.
Please see https://chromedriver.chromium.org/security-considerations for suggestions on keeping ChromeDriver safe.
ChromeDriver was started successfully.
Sep 13, 2023 12:50:34 A.M. org.openqa.selenium.devtools.CdpVersionFinder findNearestMatch
WARNING: Unable to find CDP implementation matching 116
Sep 13, 2023 12:50:34 A.M. org.openqa.selenium.chromium.ChromiumDriver lambda$new$3
WARNING: Unable to find version of CDP to use for . You may need to include a dependency on a specific version of the CDP using something similar to `org.seleniumhq.selenium:selenium-devtools-v86:4.8.3` where the version ("v86") matches the version of the chromium-based browser you're using and the version number of the artifact is the same as Selenium's.
]]></system-err>
  </testcase>
  <testcase name="runScenario" classname="cucumber.TestNgRunner1" time="9.349">
    <failure message="The step &apos;Logged in using usernamejaibirsingh131213@gmail.com and password@Ks123456&apos; and 2 other step(s) are undefined.&#10;You can implement these steps using the snippet(s) below:&#10;&#10;@Given(&quot;Logged in using usernamejaibirsingh131213@gmail.com and password@Ks123456&quot;)&#10;public void logged_in_using_usernamejaibirsingh131213_gmail_com_and_password_ks123456() {&#10;    // Write code here that turns the phrase above into concrete actions&#10;    throw new io.cucumber.java.PendingException();&#10;}&#10;@When(&quot;I add productzara coat {int} in the cart&quot;)&#10;public void i_add_productzara_coat_in_the_cart(Integer int1) {&#10;    // Write code here that turns the phrase above into concrete actions&#10;    throw new io.cucumber.java.PendingException();&#10;}&#10;@When(&quot;checkoutPage verify orderzara coat {int} and submit order&quot;)&#10;public void checkout_page_verify_orderzara_coat_and_submit_order(Integer int1) {&#10;    // Write code here that turns the phrase above into concrete actions&#10;    throw new io.cucumber.java.PendingException();&#10;}&#10;" type="io.cucumber.testng.UndefinedStepException">io.cucumber.testng.UndefinedStepException: 
The step 'Logged in using usernamejaibirsingh131213@gmail.com and password@Ks123456' and 2 other step(s) are undefined.
You can implement these steps using the snippet(s) below:

@Given("Logged in using usernamejaibirsingh131213@gmail.com and password@Ks123456")
public void logged_in_using_usernamejaibirsingh131213_gmail_com_and_password_ks123456() {
    // Write code here that turns the phrase above into concrete actions
    throw new io.cucumber.java.PendingException();
}
@When("I add productzara coat {int} in the cart")
public void i_add_productzara_coat_in_the_cart(Integer int1) {
    // Write code here that turns the phrase above into concrete actions
    throw new io.cucumber.java.PendingException();
}
@When("checkoutPage verify orderzara coat {int} and submit order")
public void checkout_page_verify_orderzara_coat_and_submit_order(Integer int1) {
    // Write code here that turns the phrase above into concrete actions
    throw new io.cucumber.java.PendingException();
}

</failure>
    <system-err><![CDATA[Starting ChromeDriver 116.0.5845.96 (1a391816688002153ef791ffe60d9e899a71a037-refs/branch-heads/5845@{#1382}) on port 48909
Only local connections are allowed.
Please see https://chromedriver.chromium.org/security-considerations for suggestions on keeping ChromeDriver safe.
ChromeDriver was started successfully.
Sep 13, 2023 12:50:40 A.M. org.openqa.selenium.devtools.CdpVersionFinder findNearestMatch
WARNING: Unable to find CDP implementation matching 116
Sep 13, 2023 12:50:40 A.M. org.openqa.selenium.chromium.ChromiumDriver lambda$new$3
WARNING: Unable to find version of CDP to use for . You may need to include a dependency on a specific version of the CDP using something similar to `org.seleniumhq.selenium:selenium-devtools-v86:4.8.3` where the version ("v86") matches the version of the chromium-based browser you're using and the version number of the artifact is the same as Selenium's.
]]></system-err>
  </testcase>
  <testcase name="submittest" classname="POMproject.WebsiteTestingMay2023.BaseShoppingTest" time="8.29"/>
  <testcase name="submittest" classname="POMproject.WebsiteTestingMay2023.BaseShoppingTest" time="7.748"/>
  <testcase name="verifycarttest" classname="POMproject.WebsiteTestingMay2023.BaseShoppingTest" time="11.313"/>
  <testcase name="verifycarttest" classname="POMproject.WebsiteTestingMay2023.BaseShoppingTest" time="11.309"/>
  <testcase name="verifyordertest" classname="POMproject.WebsiteTestingMay2023.BaseShoppingTest" time="1.657"/>
  <testcase name="verifyordertest" classname="POMproject.WebsiteTestingMay2023.BaseShoppingTest" time="1.669"/>
  <testcase name="validateerrorcode" classname="POMproject.WebsiteTestingMay2023.ErrorValidationTest" time="1.746"/>
  <testcase name="validateerrorcode" classname="POMproject.WebsiteTestingMay2023.ErrorValidationTest" time="1.729"/>
  <testcase name="shouldAnswerWithTrue on shouldAnswerWithTrue(POMproject.WebsiteTestingMay2023.AppTest)" classname="POMproject.WebsiteTestingMay2023.AppTest" time="0.004"/>
</testsuite>