<?xml version="1.0" encoding="UTF-8"?>
<testng-results ignored="0" total="8" passed="8" failed="0" skipped="0">
  <reporter-output>
  </reporter-output>
  <suite started-at="2024-03-04T01:06:41 EST" name="Suite" finished-at="2024-03-04T01:08:12 EST" duration-ms="91387">
    <groups>
    </groups>
    <test started-at="2024-03-04T01:06:41 EST" name="Errorvalidatetest" finished-at="2024-03-04T01:07:03 EST" duration-ms="22428">
      <class name="POMproject.WebsiteTestingMay2023.ErrorValidationTest">
        <test-method is-config="true" signature="launchapplication()[pri:0, instance:POMproject.WebsiteTestingMay2023.ErrorValidationTest@2fba3fc4]" started-at="2024-03-04T01:06:41 EST" name="launchapplication" finished-at="2024-03-04T01:06:52 EST" duration-ms="11209" status="PASS">
          <reporter-output>
          </reporter-output>
        </test-method> <!-- launchapplication -->
        <test-method signature="validateerrorcode(java.lang.String,java.lang.String)[pri:0, instance:POMproject.WebsiteTestingMay2023.ErrorValidationTest@2fba3fc4]" started-at="2024-03-04T01:06:52 EST" name="validateerrorcode" data-provider="getdataerror" finished-at="2024-03-04T01:06:54 EST" duration-ms="1781" status="PASS">
          <params>
            <param index="0">
              <value>
                <![CDATA[jaibiirsingh1312@gmail.com]]>
              </value>
            </param>
            <param index="1">
              <value>
                <![CDATA[123456]]>
              </value>
            </param>
          </params>
          <reporter-output>
          </reporter-output>
        </test-method> <!-- validateerrorcode -->
        <test-method is-config="true" signature="closebrowser()[pri:0, instance:POMproject.WebsiteTestingMay2023.ErrorValidationTest@2fba3fc4]" started-at="2024-03-04T01:06:54 EST" name="closebrowser" finished-at="2024-03-04T01:06:54 EST" duration-ms="209" status="PASS">
          <reporter-output>
          </reporter-output>
        </test-method> <!-- closebrowser -->
        <test-method is-config="true" signature="launchapplication()[pri:0, instance:POMproject.WebsiteTestingMay2023.ErrorValidationTest@2fba3fc4]" started-at="2024-03-04T01:06:54 EST" name="launchapplication" finished-at="2024-03-04T01:07:01 EST" duration-ms="6899" status="PASS">
          <reporter-output>
          </reporter-output>
        </test-method> <!-- launchapplication -->
        <test-method signature="validateerrorcode(java.lang.String,java.lang.String)[pri:0, instance:POMproject.WebsiteTestingMay2023.ErrorValidationTest@2fba3fc4]" started-at="2024-03-04T01:07:01 EST" name="validateerrorcode" data-provider="getdataerror" finished-at="2024-03-04T01:07:03 EST" duration-ms="2059" status="PASS">
          <params>
            <param index="0">
              <value>
                <![CDATA[ajibirsingh1255@gmail.com]]>
              </value>
            </param>
            <param index="1">
              <value>
                <![CDATA[12345]]>
              </value>
            </param>
          </params>
          <reporter-output>
          </reporter-output>
        </test-method> <!-- validateerrorcode -->
        <test-method is-config="true" signature="closebrowser()[pri:0, instance:POMproject.WebsiteTestingMay2023.ErrorValidationTest@2fba3fc4]" started-at="2024-03-04T01:07:03 EST" name="closebrowser" finished-at="2024-03-04T01:07:03 EST" duration-ms="151" status="PASS">
          <reporter-output>
          </reporter-output>
        </test-method> <!-- closebrowser -->
      </class> <!-- POMproject.WebsiteTestingMay2023.ErrorValidationTest -->
    </test> <!-- Errorvalidatetest -->
    <test started-at="2024-03-04T01:06:41 EST" name="Submittest" finished-at="2024-03-04T01:08:12 EST" duration-ms="91387">
      <class name="POMproject.WebsiteTestingMay2023.BaseShoppingTest">
        <test-method is-config="true" signature="launchapplication()[pri:0, instance:POMproject.WebsiteTestingMay2023.BaseShoppingTest@3cfdd820]" started-at="2024-03-04T01:06:42 EST" name="launchapplication" finished-at="2024-03-04T01:06:52 EST" duration-ms="10027" status="PASS">
          <reporter-output>
          </reporter-output>
        </test-method> <!-- launchapplication -->
        <test-method signature="submittest(java.util.HashMap)[pri:0, instance:POMproject.WebsiteTestingMay2023.BaseShoppingTest@3cfdd820]" started-at="2024-03-04T01:06:52 EST" name="submittest" data-provider="getdatasubmitjson" finished-at="2024-03-04T01:07:00 EST" duration-ms="8008" status="PASS">
          <params>
            <param index="0">
              <value>
                <![CDATA[{countryname=ind, productname=adidas original, password=123456, email=jaibirsingh1312@gmail.com}]]>
              </value>
            </param>
          </params>
          <reporter-output>
          </reporter-output>
        </test-method> <!-- submittest -->
        <test-method is-config="true" signature="closebrowser()[pri:0, instance:POMproject.WebsiteTestingMay2023.BaseShoppingTest@3cfdd820]" started-at="2024-03-04T01:07:00 EST" name="closebrowser" finished-at="2024-03-04T01:07:00 EST" duration-ms="200" status="PASS">
          <reporter-output>
          </reporter-output>
        </test-method> <!-- closebrowser -->
        <test-method is-config="true" signature="launchapplication()[pri:0, instance:POMproject.WebsiteTestingMay2023.BaseShoppingTest@3cfdd820]" started-at="2024-03-04T01:07:00 EST" name="launchapplication" finished-at="2024-03-04T01:07:08 EST" duration-ms="7594" status="PASS">
          <reporter-output>
          </reporter-output>
        </test-method> <!-- launchapplication -->
        <test-method signature="submittest(java.util.HashMap)[pri:0, instance:POMproject.WebsiteTestingMay2023.BaseShoppingTest@3cfdd820]" started-at="2024-03-04T01:07:08 EST" name="submittest" data-provider="getdatasubmitjson" finished-at="2024-03-04T01:07:15 EST" duration-ms="7615" status="PASS">
          <params>
            <param index="0">
              <value>
                <![CDATA[{countryname=bri, productname=zara coat 3, password=@Ks123456, email=jaibirsingh131213@gmail.com}]]>
              </value>
            </param>
          </params>
          <reporter-output>
          </reporter-output>
        </test-method> <!-- submittest -->
        <test-method is-config="true" signature="closebrowser()[pri:0, instance:POMproject.WebsiteTestingMay2023.BaseShoppingTest@3cfdd820]" started-at="2024-03-04T01:07:15 EST" name="closebrowser" finished-at="2024-03-04T01:07:15 EST" duration-ms="244" status="PASS">
          <reporter-output>
          </reporter-output>
        </test-method> <!-- closebrowser -->
        <test-method is-config="true" signature="launchapplication()[pri:0, instance:POMproject.WebsiteTestingMay2023.BaseShoppingTest@3cfdd820]" started-at="2024-03-04T01:07:15 EST" name="launchapplication" finished-at="2024-03-04T01:07:24 EST" duration-ms="8479" status="PASS">
          <reporter-output>
          </reporter-output>
        </test-method> <!-- launchapplication -->
        <test-method signature="verifycarttest(java.util.HashMap)[pri:0, instance:POMproject.WebsiteTestingMay2023.BaseShoppingTest@3cfdd820]" started-at="2024-03-04T01:07:24 EST" name="verifycarttest" data-provider="getdatasubmitjson" finished-at="2024-03-04T01:07:35 EST" depends-on-methods="POMproject.WebsiteTestingMay2023.BaseShoppingTest.submittest" duration-ms="11156" status="PASS">
          <params>
            <param index="0">
              <value>
                <![CDATA[{countryname=ind, productname=adidas original, password=123456, email=jaibirsingh1312@gmail.com}]]>
              </value>
            </param>
          </params>
          <reporter-output>
          </reporter-output>
        </test-method> <!-- verifycarttest -->
        <test-method is-config="true" signature="closebrowser()[pri:0, instance:POMproject.WebsiteTestingMay2023.BaseShoppingTest@3cfdd820]" started-at="2024-03-04T01:07:35 EST" name="closebrowser" finished-at="2024-03-04T01:07:35 EST" duration-ms="216" status="PASS">
          <reporter-output>
          </reporter-output>
        </test-method> <!-- closebrowser -->
        <test-method is-config="true" signature="launchapplication()[pri:0, instance:POMproject.WebsiteTestingMay2023.BaseShoppingTest@3cfdd820]" started-at="2024-03-04T01:07:35 EST" name="launchapplication" finished-at="2024-03-04T01:07:42 EST" duration-ms="6694" status="PASS">
          <reporter-output>
          </reporter-output>
        </test-method> <!-- launchapplication -->
        <test-method signature="verifycarttest(java.util.HashMap)[pri:0, instance:POMproject.WebsiteTestingMay2023.BaseShoppingTest@3cfdd820]" started-at="2024-03-04T01:07:42 EST" name="verifycarttest" data-provider="getdatasubmitjson" finished-at="2024-03-04T01:07:53 EST" depends-on-methods="POMproject.WebsiteTestingMay2023.BaseShoppingTest.submittest" duration-ms="11322" status="PASS">
          <params>
            <param index="0">
              <value>
                <![CDATA[{countryname=bri, productname=zara coat 3, password=@Ks123456, email=jaibirsingh131213@gmail.com}]]>
              </value>
            </param>
          </params>
          <reporter-output>
          </reporter-output>
        </test-method> <!-- verifycarttest -->
        <test-method is-config="true" signature="closebrowser()[pri:0, instance:POMproject.WebsiteTestingMay2023.BaseShoppingTest@3cfdd820]" started-at="2024-03-04T01:07:53 EST" name="closebrowser" finished-at="2024-03-04T01:07:54 EST" duration-ms="282" status="PASS">
          <reporter-output>
          </reporter-output>
        </test-method> <!-- closebrowser -->
        <test-method is-config="true" signature="launchapplication()[pri:0, instance:POMproject.WebsiteTestingMay2023.BaseShoppingTest@3cfdd820]" started-at="2024-03-04T01:07:54 EST" name="launchapplication" finished-at="2024-03-04T01:07:57 EST" duration-ms="2994" status="PASS">
          <reporter-output>
          </reporter-output>
        </test-method> <!-- launchapplication -->
        <test-method signature="verifyordertest(java.util.HashMap)[pri:0, instance:POMproject.WebsiteTestingMay2023.BaseShoppingTest@3cfdd820]" started-at="2024-03-04T01:07:57 EST" name="verifyordertest" data-provider="getdatasubmitjson" finished-at="2024-03-04T01:08:03 EST" depends-on-methods="POMproject.WebsiteTestingMay2023.BaseShoppingTest.submittest" duration-ms="6423" status="PASS">
          <params>
            <param index="0">
              <value>
                <![CDATA[{countryname=ind, productname=adidas original, password=123456, email=jaibirsingh1312@gmail.com}]]>
              </value>
            </param>
          </params>
          <reporter-output>
          </reporter-output>
        </test-method> <!-- verifyordertest -->
        <test-method is-config="true" signature="closebrowser()[pri:0, instance:POMproject.WebsiteTestingMay2023.BaseShoppingTest@3cfdd820]" started-at="2024-03-04T01:08:03 EST" name="closebrowser" finished-at="2024-03-04T01:08:03 EST" duration-ms="165" status="PASS">
          <reporter-output>
          </reporter-output>
        </test-method> <!-- closebrowser -->
        <test-method is-config="true" signature="launchapplication()[pri:0, instance:POMproject.WebsiteTestingMay2023.BaseShoppingTest@3cfdd820]" started-at="2024-03-04T01:08:03 EST" name="launchapplication" finished-at="2024-03-04T01:08:10 EST" duration-ms="7165" status="PASS">
          <reporter-output>
          </reporter-output>
        </test-method> <!-- launchapplication -->
        <test-method signature="verifyordertest(java.util.HashMap)[pri:0, instance:POMproject.WebsiteTestingMay2023.BaseShoppingTest@3cfdd820]" started-at="2024-03-04T01:08:10 EST" name="verifyordertest" data-provider="getdatasubmitjson" finished-at="2024-03-04T01:08:12 EST" depends-on-methods="POMproject.WebsiteTestingMay2023.BaseShoppingTest.submittest" duration-ms="1694" status="PASS">
          <params>
            <param index="0">
              <value>
                <![CDATA[{countryname=bri, productname=zara coat 3, password=@Ks123456, email=jaibirsingh131213@gmail.com}]]>
              </value>
            </param>
          </params>
          <reporter-output>
          </reporter-output>
        </test-method> <!-- verifyordertest -->
        <test-method is-config="true" signature="closebrowser()[pri:0, instance:POMproject.WebsiteTestingMay2023.BaseShoppingTest@3cfdd820]" started-at="2024-03-04T01:08:12 EST" name="closebrowser" finished-at="2024-03-04T01:08:12 EST" duration-ms="229" status="PASS">
          <reporter-output>
          </reporter-output>
        </test-method> <!-- closebrowser -->
      </class> <!-- POMproject.WebsiteTestingMay2023.BaseShoppingTest -->
    </test> <!-- Submittest -->
  </suite> <!-- Suite -->
</testng-results>
